20:54:23.687[TestNG-tests-1] DEBUG tests.LoginTest -Sending email address to the email field
20:54:23.814[TestNG-tests-1] DEBUG tests.LoginTest -Sending password to password field
20:54:24.410[TestNG-tests-1] DEBUG tests.LoginTest -Clicked on login button 
20:54:34.484[TestNG-tests-1] INFO  tests.LoginTest -user didn't  logged in 
20:54:34.721[TestNG-tests-1] DEBUG tests.LoginTest -closed the browser
21:09:05.768[TestNG-tests-1] DEBUG tests.LoginTest -Browser got launched
21:09:10.281[TestNG-tests-1] DEBUG tests.LoginTest -Navigated to application URL
21:09:10.489[TestNG-tests-1] DEBUG tests.LoginTest -Clicked on the My Account
21:09:10.868[TestNG-tests-1] DEBUG tests.LoginTest -Clicked on login option from  My account dropdown
21:09:11.052[TestNG-tests-1] DEBUG tests.LoginTest -Sending email address to the email field
21:09:11.157[TestNG-tests-1] DEBUG tests.LoginTest -Sending password to password field
21:09:11.976[TestNG-tests-1] DEBUG tests.LoginTest -Clicked on login button 
21:09:12.095[TestNG-tests-1] INFO  tests.LoginTest -user  got logged in 
21:09:12.293[TestNG-tests-1] DEBUG tests.LoginTest -closed the browser
21:09:13.190[TestNG-tests-1] DEBUG tests.LoginTest -Browser got launched
21:09:15.550[TestNG-tests-1] DEBUG tests.LoginTest -Navigated to application URL
21:09:15.663[TestNG-tests-1] DEBUG tests.LoginTest -Clicked on the My Account
21:09:16.131[TestNG-tests-1] DEBUG tests.LoginTest -Clicked on login option from  My account dropdown
21:09:16.255[TestNG-tests-1] DEBUG tests.LoginTest -Sending email address to the email field
21:09:16.317[TestNG-tests-1] DEBUG tests.LoginTest -Sending password to password field
21:09:16.759[TestNG-tests-1] DEBUG tests.LoginTest -Clicked on login button 
21:09:26.793[TestNG-tests-1] INFO  tests.LoginTest -user didn't  logged in 
21:09:27.056[TestNG-tests-1] DEBUG tests.LoginTest -closed the browser
21:16:20.722[TestNG-tests-1] DEBUG tests.LoginTest -Browser got launched
21:16:21.527[TestNG-tests-1] DEBUG tests.LoginTest -Navigated to application URL
21:16:23.171[TestNG-tests-1] DEBUG tests.LoginTest -Clicked on the My Account
21:16:23.556[TestNG-tests-1] DEBUG tests.LoginTest -Clicked on login option from  My account dropdown
21:16:23.769[TestNG-tests-1] DEBUG tests.LoginTest -Sending email address to the email field
21:16:23.844[TestNG-tests-1] DEBUG tests.LoginTest -Sending password to password field
21:16:24.748[TestNG-tests-1] DEBUG tests.LoginTest -Clicked on login button 
21:16:24.798[TestNG-tests-1] INFO  tests.LoginTest -user  got logged in 
21:16:24.948[TestNG-tests-1] DEBUG tests.LoginTest -closed the browser
21:16:26.556[TestNG-tests-1] DEBUG tests.LoginTest -Browser got launched
21:16:29.042[TestNG-tests-1] DEBUG tests.LoginTest -Navigated to application URL
21:16:29.164[TestNG-tests-1] DEBUG tests.LoginTest -Clicked on the My Account
21:16:29.601[TestNG-tests-1] DEBUG tests.LoginTest -Clicked on login option from  My account dropdown
21:16:29.778[TestNG-tests-1] DEBUG tests.LoginTest -Sending email address to the email field
21:16:29.898[TestNG-tests-1] DEBUG tests.LoginTest -Sending password to password field
21:16:30.512[TestNG-tests-1] DEBUG tests.LoginTest -Clicked on login button 
21:16:40.629[TestNG-tests-1] INFO  tests.LoginTest -user didn't  logged in 
21:16:40.936[TestNG-tests-1] DEBUG tests.LoginTest -closed the browser
21:19:30.269[TestNG-tests-1] DEBUG tests.LoginTest -Browser got launched
21:19:32.928[TestNG-tests-1] DEBUG tests.LoginTest -Navigated to application URL
21:19:33.076[TestNG-tests-1] DEBUG tests.LoginTest -Clicked on the My Account
21:19:33.468[TestNG-tests-1] DEBUG tests.LoginTest -Clicked on login option from  My account dropdown
21:19:33.613[TestNG-tests-1] DEBUG tests.LoginTest -Sending email address to the email field
21:19:33.681[TestNG-tests-1] DEBUG tests.LoginTest -Sending password to password field
21:19:34.577[TestNG-tests-1] DEBUG tests.LoginTest -Clicked on login button 
21:19:34.699[TestNG-tests-1] INFO  tests.LoginTest -user  got logged in 
21:19:35.023[TestNG-tests-1] DEBUG tests.LoginTest -closed the browser
21:19:36.264[TestNG-tests-1] DEBUG tests.LoginTest -Browser got launched
21:19:38.782[TestNG-tests-1] DEBUG tests.LoginTest -Navigated to application URL
21:19:38.890[TestNG-tests-1] DEBUG tests.LoginTest -Clicked on the My Account
21:19:39.341[TestNG-tests-1] DEBUG tests.LoginTest -Clicked on login option from  My account dropdown
21:19:39.538[TestNG-tests-1] DEBUG tests.LoginTest -Sending email address to the email field
21:19:39.646[TestNG-tests-1] DEBUG tests.LoginTest -Sending password to password field
21:19:40.250[TestNG-tests-1] DEBUG tests.LoginTest -Clicked on login button 
21:19:50.331[TestNG-tests-1] INFO  tests.LoginTest -user didn't  logged in 
21:19:50.637[TestNG-tests-1] DEBUG tests.LoginTest -closed the browser
21:21:32.221[TestNG-tests-1] DEBUG tests.LoginTest -Browser got launched
21:21:40.219[TestNG-tests-1] DEBUG tests.LoginTest -Navigated to application URL
21:21:40.393[TestNG-tests-1] DEBUG tests.LoginTest -Clicked on the My Account
21:21:40.880[TestNG-tests-1] DEBUG tests.LoginTest -Clicked on login option from  My account dropdown
21:21:41.052[TestNG-tests-1] DEBUG tests.LoginTest -Sending email address to the email field
21:21:41.123[TestNG-tests-1] DEBUG tests.LoginTest -Sending password to password field
21:21:42.245[TestNG-tests-1] DEBUG tests.LoginTest -Clicked on login button 
21:21:42.365[TestNG-tests-1] INFO  tests.LoginTest -user  got logged in 
21:21:42.697[TestNG-tests-1] DEBUG tests.LoginTest -closed the browser
21:21:43.494[TestNG-tests-1] DEBUG tests.LoginTest -Browser got launched
21:21:45.951[TestNG-tests-1] DEBUG tests.LoginTest -Navigated to application URL
21:21:46.083[TestNG-tests-1] DEBUG tests.LoginTest -Clicked on the My Account
21:21:46.628[TestNG-tests-1] DEBUG tests.LoginTest -Clicked on login option from  My account dropdown
21:21:46.817[TestNG-tests-1] DEBUG tests.LoginTest -Sending email address to the email field
21:21:46.880[TestNG-tests-1] DEBUG tests.LoginTest -Sending password to password field
21:21:47.380[TestNG-tests-1] DEBUG tests.LoginTest -Clicked on login button 
21:21:57.469[TestNG-tests-1] INFO  tests.LoginTest -user didn't  logged in 
21:21:57.893[TestNG-tests-1] DEBUG tests.LoginTest -closed the browser
21:23:46.121[TestNG-tests-1] DEBUG tests.LoginTest -Browser got launched
21:23:48.463[TestNG-tests-1] DEBUG tests.LoginTest -Navigated to application URL
21:23:48.553[TestNG-tests-1] DEBUG tests.LoginTest -Clicked on the My Account
21:23:48.957[TestNG-tests-1] DEBUG tests.LoginTest -Clicked on login option from  My account dropdown
21:23:49.101[TestNG-tests-1] DEBUG tests.LoginTest -Sending email address to the email field
21:23:49.157[TestNG-tests-1] DEBUG tests.LoginTest -Sending password to password field
21:23:49.997[TestNG-tests-1] DEBUG tests.LoginTest -Clicked on login button 
21:23:50.074[TestNG-tests-1] INFO  tests.LoginTest -user  got logged in 
21:23:50.307[TestNG-tests-1] DEBUG tests.LoginTest -closed the browser
21:23:51.463[TestNG-tests-1] DEBUG tests.LoginTest -Browser got launched
21:23:53.863[TestNG-tests-1] DEBUG tests.LoginTest -Navigated to application URL
21:23:53.969[TestNG-tests-1] DEBUG tests.LoginTest -Clicked on the My Account
21:23:54.419[TestNG-tests-1] DEBUG tests.LoginTest -Clicked on login option from  My account dropdown
21:23:54.596[TestNG-tests-1] DEBUG tests.LoginTest -Sending email address to the email field
21:23:54.724[TestNG-tests-1] DEBUG tests.LoginTest -Sending password to password field
21:23:55.315[TestNG-tests-1] DEBUG tests.LoginTest -Clicked on login button 
21:24:05.396[TestNG-tests-1] INFO  tests.LoginTest -user didn't  logged in 
21:24:05.702[TestNG-tests-1] DEBUG tests.LoginTest -closed the browser
21:27:46.462[TestNG-tests-1] DEBUG tests.LoginTest -Browser got launched
21:27:48.782[TestNG-tests-1] DEBUG tests.LoginTest -Navigated to application URL
21:27:48.975[TestNG-tests-1] DEBUG tests.LoginTest -Clicked on the My Account
21:27:49.437[TestNG-tests-1] DEBUG tests.LoginTest -Clicked on login option from  My account dropdown
21:27:49.545[TestNG-tests-1] DEBUG tests.LoginTest -Sending email address to the email field
21:27:49.600[TestNG-tests-1] DEBUG tests.LoginTest -Sending password to password field
21:27:50.818[TestNG-tests-1] DEBUG tests.LoginTest -Clicked on login button 
21:27:50.913[TestNG-tests-1] INFO  tests.LoginTest -user  got logged in 
21:27:51.113[TestNG-tests-1] DEBUG tests.LoginTest -closed the browser
21:27:51.998[TestNG-tests-1] DEBUG tests.LoginTest -Browser got launched
21:27:54.268[TestNG-tests-1] DEBUG tests.LoginTest -Navigated to application URL
21:27:54.405[TestNG-tests-1] DEBUG tests.LoginTest -Clicked on the My Account
21:27:54.779[TestNG-tests-1] DEBUG tests.LoginTest -Clicked on login option from  My account dropdown
21:27:54.883[TestNG-tests-1] DEBUG tests.LoginTest -Sending email address to the email field
21:27:54.965[TestNG-tests-1] DEBUG tests.LoginTest -Sending password to password field
21:27:55.491[TestNG-tests-1] DEBUG tests.LoginTest -Clicked on login button 
21:28:05.554[TestNG-tests-1] INFO  tests.LoginTest -user didn't  logged in 
21:28:05.706[TestNG-tests-1] DEBUG tests.LoginTest -closed the browser
21:29:00.657[TestNG-tests-1] DEBUG tests.LoginTest -Browser got launched
21:29:04.668[TestNG-tests-1] DEBUG tests.LoginTest -Navigated to application URL
21:29:04.760[TestNG-tests-1] DEBUG tests.LoginTest -Clicked on the My Account
21:29:05.098[TestNG-tests-1] DEBUG tests.LoginTest -Clicked on login option from  My account dropdown
21:29:05.183[TestNG-tests-1] DEBUG tests.LoginTest -Sending email address to the email field
21:29:05.248[TestNG-tests-1] DEBUG tests.LoginTest -Sending password to password field
21:29:06.078[TestNG-tests-1] DEBUG tests.LoginTest -Clicked on login button 
21:29:06.180[TestNG-tests-1] INFO  tests.LoginTest -user  got logged in 
