09:32:31.705[TestNG-tests-1] INFO  tests.LoginTest -user  got logged in 
09:32:31.995[TestNG-tests-1] DEBUG tests.LoginTest -closed the browser
09:32:32.962[TestNG-tests-1] DEBUG tests.LoginTest -Browser got launched
09:32:35.717[TestNG-tests-1] DEBUG tests.LoginTest -Navigated to application URL
09:32:35.849[TestNG-tests-1] DEBUG tests.LoginTest -Clicked on the My Account
09:32:36.274[TestNG-tests-1] DEBUG tests.LoginTest -Clicked on login option from  My account dropdown
09:32:36.455[TestNG-tests-1] DEBUG tests.LoginTest -Sending email address to the email field
09:32:36.538[TestNG-tests-1] DEBUG tests.LoginTest -Sending password to password field
09:32:37.095[TestNG-tests-1] DEBUG tests.LoginTest -Clicked on login button 
09:32:47.128[TestNG-tests-1] INFO  tests.LoginTest -user didn't  logged in 
09:32:47.490[TestNG-tests-1] DEBUG tests.LoginTest -closed the browser
09:39:07.922[TestNG-tests-1] DEBUG tests.LoginTest -Browser got launched
09:39:10.001[TestNG-tests-1] DEBUG tests.LoginTest -Navigated to application URL
09:39:10.205[TestNG-tests-1] DEBUG tests.LoginTest -Clicked on the My Account
09:39:10.586[TestNG-tests-1] DEBUG tests.LoginTest -Clicked on login option from  My account dropdown
09:39:10.681[TestNG-tests-1] DEBUG tests.LoginTest -Sending email address to the email field
09:39:10.736[TestNG-tests-1] DEBUG tests.LoginTest -Sending password to password field
09:39:11.559[TestNG-tests-1] DEBUG tests.LoginTest -Clicked on login button 
09:39:11.610[TestNG-tests-1] INFO  tests.LoginTest -user  got logged in 
09:39:11.937[TestNG-tests-1] DEBUG tests.LoginTest -closed the browser
09:39:13.143[TestNG-tests-1] DEBUG tests.LoginTest -Browser got launched
09:39:17.018[TestNG-tests-1] DEBUG tests.LoginTest -Navigated to application URL
09:39:17.147[TestNG-tests-1] DEBUG tests.LoginTest -Clicked on the My Account
09:39:17.600[TestNG-tests-1] DEBUG tests.LoginTest -Clicked on login option from  My account dropdown
09:39:17.784[TestNG-tests-1] DEBUG tests.LoginTest -Sending email address to the email field
09:39:17.900[TestNG-tests-1] DEBUG tests.LoginTest -Sending password to password field
09:39:18.499[TestNG-tests-1] DEBUG tests.LoginTest -Clicked on login button 
09:39:28.599[TestNG-tests-1] INFO  tests.LoginTest -user didn't  logged in 
09:39:28.994[TestNG-tests-1] DEBUG tests.LoginTest -closed the browser
09:42:27.273[TestNG-tests-1] DEBUG tests.LoginTest -Browser got launched
09:42:29.153[TestNG-tests-1] DEBUG tests.LoginTest -Navigated to application URL
09:42:29.482[TestNG-tests-1] DEBUG tests.LoginTest -Clicked on the My Account
09:42:29.838[TestNG-tests-1] DEBUG tests.LoginTest -Clicked on login option from  My account dropdown
09:42:30.002[TestNG-tests-1] DEBUG tests.LoginTest -Sending email address to the email field
09:42:30.092[TestNG-tests-1] DEBUG tests.LoginTest -Sending password to password field
09:42:30.958[TestNG-tests-1] DEBUG tests.LoginTest -Clicked on login button 
09:42:31.052[TestNG-tests-1] INFO  tests.LoginTest -user  got logged in 
09:42:31.295[TestNG-tests-1] DEBUG tests.LoginTest -closed the browser
09:42:32.550[TestNG-tests-1] DEBUG tests.LoginTest -Browser got launched
09:42:36.519[TestNG-tests-1] DEBUG tests.LoginTest -Navigated to application URL
09:42:36.663[TestNG-tests-1] DEBUG tests.LoginTest -Clicked on the My Account
09:42:37.188[TestNG-tests-1] DEBUG tests.LoginTest -Clicked on login option from  My account dropdown
09:42:37.355[TestNG-tests-1] DEBUG tests.LoginTest -Sending email address to the email field
09:42:37.466[TestNG-tests-1] DEBUG tests.LoginTest -Sending password to password field
09:42:38.081[TestNG-tests-1] DEBUG tests.LoginTest -Clicked on login button 
09:42:48.153[TestNG-tests-1] INFO  tests.LoginTest -user didn't  logged in 
09:42:48.544[TestNG-tests-1] DEBUG tests.LoginTest -closed the browser
09:45:45.297[TestNG-tests-1] DEBUG tests.LoginTest -Browser got launched
09:45:49.590[TestNG-tests-1] DEBUG tests.LoginTest -Navigated to application URL
09:45:49.724[TestNG-tests-1] DEBUG tests.LoginTest -Clicked on the My Account
09:45:50.112[TestNG-tests-1] DEBUG tests.LoginTest -Clicked on login option from  My account dropdown
09:45:50.301[TestNG-tests-1] DEBUG tests.LoginTest -Sending email address to the email field
09:45:50.411[TestNG-tests-1] DEBUG tests.LoginTest -Sending password to password field
09:45:51.381[TestNG-tests-1] DEBUG tests.LoginTest -Clicked on login button 
09:45:51.520[TestNG-tests-1] INFO  tests.LoginTest -user  got logged in 
09:45:51.848[TestNG-tests-1] DEBUG tests.LoginTest -closed the browser
09:45:52.696[TestNG-tests-1] DEBUG tests.LoginTest -Browser got launched
09:45:54.932[TestNG-tests-1] DEBUG tests.LoginTest -Navigated to application URL
09:45:55.062[TestNG-tests-1] DEBUG tests.LoginTest -Clicked on the My Account
09:45:55.456[TestNG-tests-1] DEBUG tests.LoginTest -Clicked on login option from  My account dropdown
09:45:55.645[TestNG-tests-1] DEBUG tests.LoginTest -Sending email address to the email field
09:45:55.755[TestNG-tests-1] DEBUG tests.LoginTest -Sending password to password field
09:45:56.269[TestNG-tests-1] DEBUG tests.LoginTest -Clicked on login button 
09:46:06.334[TestNG-tests-1] INFO  tests.LoginTest -user didn't  logged in 
09:46:06.654[TestNG-tests-1] DEBUG tests.LoginTest -closed the browser
09:54:33.318[TestNG-tests-1] DEBUG tests.LoginTest -Browser got launched
09:54:36.125[TestNG-tests-1] DEBUG tests.LoginTest -Navigated to application URL
09:54:36.280[TestNG-tests-1] DEBUG tests.LoginTest -Clicked on the My Account
09:54:36.701[TestNG-tests-1] DEBUG tests.LoginTest -Clicked on login option from  My account dropdown
09:54:36.826[TestNG-tests-1] DEBUG tests.LoginTest -Sending email address to the email field
09:54:36.900[TestNG-tests-1] DEBUG tests.LoginTest -Sending password to password field
09:54:38.052[TestNG-tests-1] DEBUG tests.LoginTest -Clicked on login button 
09:54:38.117[TestNG-tests-1] INFO  tests.LoginTest -user  got logged in 
09:54:38.494[TestNG-tests-1] DEBUG tests.LoginTest -closed the browser
09:54:39.449[TestNG-tests-1] DEBUG tests.LoginTest -Browser got launched
09:54:41.411[TestNG-tests-1] DEBUG tests.LoginTest -Navigated to application URL
09:54:41.483[TestNG-tests-1] DEBUG tests.LoginTest -Clicked on the My Account
09:54:41.978[TestNG-tests-1] DEBUG tests.LoginTest -Clicked on login option from  My account dropdown
09:54:42.094[TestNG-tests-1] DEBUG tests.LoginTest -Sending email address to the email field
09:54:42.176[TestNG-tests-1] DEBUG tests.LoginTest -Sending password to password field
09:54:42.677[TestNG-tests-1] DEBUG tests.LoginTest -Clicked on login button 
09:54:52.739[TestNG-tests-1] INFO  tests.LoginTest -user didn't  logged in 
09:54:53.065[TestNG-tests-1] DEBUG tests.LoginTest -closed the browser
06:31:30.128[TestNG-tests-1] DEBUG tests.LoginTest -Browser got launched
06:31:33.187[TestNG-tests-1] DEBUG tests.LoginTest -Navigated to application URL
06:31:33.288[TestNG-tests-1] DEBUG tests.LoginTest -Clicked on the My Account
06:31:33.671[TestNG-tests-1] DEBUG tests.LoginTest -Clicked on login option from  My account dropdown
06:31:33.854[TestNG-tests-1] DEBUG tests.LoginTest -Sending email address to the email field
06:31:33.937[TestNG-tests-1] DEBUG tests.LoginTest -Sending password to password field
06:31:35.309[TestNG-tests-1] DEBUG tests.LoginTest -Clicked on login button 
06:31:35.437[TestNG-tests-1] INFO  tests.LoginTest -user  got logged in 
06:31:35.821[TestNG-tests-1] DEBUG tests.LoginTest -closed the browser
06:31:36.773[TestNG-tests-1] DEBUG tests.LoginTest -Browser got launched
06:31:39.751[TestNG-tests-1] DEBUG tests.LoginTest -Navigated to application URL
06:31:39.873[TestNG-tests-1] DEBUG tests.LoginTest -Clicked on the My Account
06:31:40.296[TestNG-tests-1] DEBUG tests.LoginTest -Clicked on login option from  My account dropdown
06:31:40.447[TestNG-tests-1] DEBUG tests.LoginTest -Sending email address to the email field
06:31:40.572[TestNG-tests-1] DEBUG tests.LoginTest -Sending password to password field
06:31:41.221[TestNG-tests-1] DEBUG tests.LoginTest -Clicked on login button 
06:31:51.290[TestNG-tests-1] INFO  tests.LoginTest -user didn't  logged in 
06:31:51.647[TestNG-tests-1] DEBUG tests.LoginTest -closed the browser
06:37:50.578[TestNG-tests-1] DEBUG tests.LoginTest -Browser got launched
06:37:53.126[TestNG-tests-1] DEBUG tests.LoginTest -Navigated to application URL
06:37:53.231[TestNG-tests-1] DEBUG tests.LoginTest -Clicked on the My Account
06:37:53.613[TestNG-tests-1] DEBUG tests.LoginTest -Clicked on login option from  My account dropdown
06:37:53.807[TestNG-tests-1] DEBUG tests.LoginTest -Sending email address to the email field
06:37:53.943[TestNG-tests-1] DEBUG tests.LoginTest -Sending password to password field
06:37:54.838[TestNG-tests-1] DEBUG tests.LoginTest -Clicked on login button 
06:37:54.935[TestNG-tests-1] INFO  tests.LoginTest -user  got logged in 
06:37:55.165[TestNG-tests-1] DEBUG tests.LoginTest -closed the browser
06:37:56.014[TestNG-tests-1] DEBUG tests.LoginTest -Browser got launched
06:37:58.718[TestNG-tests-1] DEBUG tests.LoginTest -Navigated to application URL
06:37:58.816[TestNG-tests-1] DEBUG tests.LoginTest -Clicked on the My Account
06:37:59.292[TestNG-tests-1] DEBUG tests.LoginTest -Clicked on login option from  My account dropdown
06:37:59.450[TestNG-tests-1] DEBUG tests.LoginTest -Sending email address to the email field
06:37:59.564[TestNG-tests-1] DEBUG tests.LoginTest -Sending password to password field
06:38:00.059[TestNG-tests-1] DEBUG tests.LoginTest -Clicked on login button 
06:38:10.132[TestNG-tests-1] INFO  tests.LoginTest -user didn't  logged in 
06:38:10.326[TestNG-tests-1] DEBUG tests.LoginTest -closed the browser
06:57:33.170[TestNG-tests-1] DEBUG tests.LoginTest -Browser got launched
06:57:36.328[TestNG-tests-1] DEBUG tests.LoginTest -Navigated to application URL
06:57:36.630[TestNG-tests-1] DEBUG tests.LoginTest -Clicked on the My Account
